<?xml version="1.0" encoding="UTF-8"?>
<!-- Generated by org.testng.reporters.JUnitReportReporter -->
<testsuite hostname="RogStrix-Bruno" failures="0" tests="1" name="com.accenture.demoqa.runners.TestRunner" time="8.915" errors="0" timestamp="2025-09-28T13:57:22 BRT" skipped="0">
  <testcase classname="com.accenture.demoqa.runners.TestRunner" name="runScenario" time="8.915"/>
</testsuite> <!-- com.accenture.demoqa.runners.TestRunner -->
